<?xml version="1.0" encoding="UTF-8"?>
<testng-results skipped="0" failed="0" ignored="0" total="1" passed="1">
  <reporter-output>
  </reporter-output>
  <suite name="Command line suite" duration-ms="28559" started-at="2018-11-06T11:40:13Z" finished-at="2018-11-06T11:40:41Z">
    <groups>
    </groups>
    <test name="Command line test" duration-ms="28559" started-at="2018-11-06T11:40:13Z" finished-at="2018-11-06T11:40:41Z">
      <class name="TestProject.Testing.NewTest">
        <test-method status="PASS" signature="beforeClass()[pri:0, instance:TestProject.Testing.NewTest@73f792cf]" name="beforeClass" is-config="true" duration-ms="6469" started-at="2018-11-06T17:10:13Z" finished-at="2018-11-06T17:10:19Z">
          <reporter-output>
          </reporter-output>
        </test-method> <!-- beforeClass -->
        <test-method status="PASS" signature="openMyBlog()[pri:0, instance:TestProject.Testing.NewTest@73f792cf]" name="openMyBlog" duration-ms="20166" started-at="2018-11-06T17:10:19Z" finished-at="2018-11-06T17:10:39Z">
          <reporter-output>
          </reporter-output>
        </test-method> <!-- openMyBlog -->
        <test-method status="PASS" signature="afterClass()[pri:0, instance:TestProject.Testing.NewTest@73f792cf]" name="afterClass" is-config="true" duration-ms="1872" started-at="2018-11-06T17:10:39Z" finished-at="2018-11-06T17:10:41Z">
          <reporter-output>
          </reporter-output>
        </test-method> <!-- afterClass -->
      </class> <!-- TestProject.Testing.NewTest -->
    </test> <!-- Command line test -->
  </suite> <!-- Command line suite -->
</testng-results>
