<?xml version="1.0" encoding="UTF-8"?>
<testng-results skipped="0" failed="0" ignored="0" total="1" passed="1">
  <reporter-output>
  </reporter-output>
  <suite name="Suite" duration-ms="23779" started-at="2018-11-06T10:37:34Z" finished-at="2018-11-06T10:37:58Z">
    <groups>
    </groups>
    <test name="Test" duration-ms="23779" started-at="2018-11-06T10:37:34Z" finished-at="2018-11-06T10:37:58Z">
      <class name="TestProject.Testing.NewTest">
        <test-method status="PASS" signature="beforeClass()[pri:0, instance:TestProject.Testing.NewTest@61832929]" name="beforeClass" is-config="true" duration-ms="5284" started-at="2018-11-06T16:07:34Z" finished-at="2018-11-06T16:07:40Z">
          <reporter-output>
          </reporter-output>
        </test-method> <!-- beforeClass -->
        <test-method status="PASS" signature="openMyBlog()[pri:0, instance:TestProject.Testing.NewTest@61832929]" name="openMyBlog" duration-ms="16785" started-at="2018-11-06T16:07:40Z" finished-at="2018-11-06T16:07:56Z">
          <reporter-output>
          </reporter-output>
        </test-method> <!-- openMyBlog -->
        <test-method status="PASS" signature="afterClass()[pri:0, instance:TestProject.Testing.NewTest@61832929]" name="afterClass" is-config="true" duration-ms="1681" started-at="2018-11-06T16:07:56Z" finished-at="2018-11-06T16:07:58Z">
          <reporter-output>
          </reporter-output>
        </test-method> <!-- afterClass -->
      </class> <!-- TestProject.Testing.NewTest -->
    </test> <!-- Test -->
  </suite> <!-- Suite -->
</testng-results>
